IDL:openrtm.aist.go.jp/OpenRTM/DataFlowComponent:1.0@_non_existent
IDL:openrtm.aist.go.jp/OpenRTM/DataFlowComponent:1.0@_is_a
IDL:openrtm.aist.go.jp/OpenRTM/DataFlowComponent:1.0@get_component_profile
IDL:openrtm.aist.go.jp/OpenRTM/DataFlowComponent:1.0@get_configuration
IDL:openrtm.aist.go.jp/OpenRTM/DataFlowComponent:1.0@get_owned_contexts
IDL:openrtm.aist.go.jp/OpenRTM/DataFlowComponent:1.0@get_participating_contexts
IDL:openrtm.aist.go.jp/OpenRTM/DataFlowComponent:1.0@get_owned_organizations
IDL:openrtm.aist.go.jp/OpenRTM/DataFlowComponent:1.0@get_context_handle

IDL:openrtm.aist.go.jp/OpenRTM/ExtTrigExecutionContextService:1.0@get_component_state
IDL:openrtm.aist.go.jp/OpenRTM/ExtTrigExecutionContextService:1.0@is_running
IDL:openrtm.aist.go.jp/OpenRTM/ExtTrigExecutionContextService:1.0@_non_existent
IDL:openrtm.aist.go.jp/OpenRTM/ExtTrigExecutionContextService:1.0@_is_a
IDL:openrtm.aist.go.jp/OpenRTM/ExtTrigExecutionContextService:1.0@get_profile
IDL:openrtm.aist.go.jp/OpenRTM/ExtTrigExecutionContextService:1.0@activate_component
IDL:openrtm.aist.go.jp/OpenRTM/ExtTrigExecutionContextService:1.0@start
IDL:openrtm.aist.go.jp/OpenRTM/ExtTrigExecutionContextService:1.0@deactivate_component

IDL:org.omg/SDOPackage/Configuration:1.0@get_configuration_sets
IDL:org.omg/SDOPackage/Configuration:1.0@get_active_configuration_set

IDL:omg.org/RTC/PortService:1.0@notify_connect
IDL:omg.org/RTC/PortService:1.0@connect

IDL:openrtm.aist.go.jp/OpenRTM/InPortCdr:1.0@put
